#
# There is insufficient memory for the Java Runtime Environment to continue.
# Native memory allocation (mmap) failed to map 264241152 bytes. Error detail: G1 virtual space
# Possible reasons:
#   The system is out of physical RAM or swap space
#   This process is running with CompressedOops enabled, and the Java Heap may be blocking the growth of the native heap
# Possible solutions:
#   Reduce memory load on the system
#   Increase physical memory or swap space
#   Check if swap backing store is full
#   Decrease Java heap size (-Xmx/-Xms)
#   Decrease number of Java threads
#   Decrease Java thread stack sizes (-Xss)
#   Set larger code cache with -XX:ReservedCodeCacheSize=
#   JVM is running with Zero Based Compressed Oops mode in which the Java heap is
#     placed in the first 32GB address space. The Java Heap base address is the
#     maximum limit for the native heap growth. Please use -XX:HeapBaseMinAddress
#     to set the Java Heap base and to place the Java Heap above 32GB virtual address.
# This output file may be truncated or incomplete.
#
#  Out of Memory Error (os_windows.cpp:3554), pid=9792, tid=34804
#
# JRE version:  (25.0+36) (build )
# Java VM: OpenJDK 64-Bit Server VM (25+36-3489, mixed mode, sharing, tiered, compressed oops, compressed class ptrs, g1 gc, windows-amd64)
# No core dump will be written. Minidumps are not enabled by default on client versions of Windows
#

---------------  S U M M A R Y ------------

Command Line: -javaagent:C:\Users\jluci\AppData\Local\JetBrains\IntelliJIdea2025.2\captureAgent\debugger-agent.jar=file:///C:/Users/jluci/AppData/Local/Temp/capture15836104527439598604.props -ea -Didea.test.cyclic.buffer.size=1048576 -javaagent:C:\Users\jluci\AppData\Local\Programs\IntelliJ IDEA 2025.2.4\lib\idea_rt.jar=64377 -Dkotlinx.coroutines.debug.enable.creation.stack.trace=false -Ddebugger.agent.enable.coroutines=true -Dkotlinx.coroutines.debug.enable.flows.stack.trace=true -Dkotlinx.coroutines.debug.enable.mutable.state.flows.stack.trace=true -Dfile.encoding=UTF-8 -Dsun.stdout.encoding=UTF-8 -Dsun.stderr.encoding=UTF-8 com.intellij.rt.testng.RemoteTestNGStarter -usedefaultlisteners false -socket64376 @w@C:\Users\jluci\AppData\Local\Temp\idea_working_dirs_testng1.tmp -temp C:\Users\jluci\AppData\Local\Temp\idea_testng1.tmp

Host: 12th Gen Intel(R) Core(TM) i7-1255U, 12 cores, 15G,  Windows 11 , 64 bit Build 26100 (10.0.26100.7309)
Time: Fri Dec 19 10:34:33 2025 South Africa Standard Time elapsed time: 1.097643 seconds (0d 0h 0m 1s)

---------------  T H R E A D  ---------------

Current thread (0x0000025591018a70):  JavaThread "Unknown thread" [_thread_in_vm, id=34804, stack(0x0000008d13100000,0x0000008d13200000) (1024K)]

Stack: [0x0000008d13100000,0x0000008d13200000]
Native frames: (J=compiled Java code, j=interpreted, Vv=VM code, C=native code)
V  [jvm.dll+0x7a6a39]  (no source info available)
V  [jvm.dll+0x7727ed]  (no source info available)
V  [jvm.dll+0x965f33]  (no source info available)
V  [jvm.dll+0x968531]  (no source info available)
V  [jvm.dll+0x968c33]  (no source info available)
V  [jvm.dll+0x2fc756]  (no source info available)
V  [jvm.dll+0x7a2c65]  (no source info available)
V  [jvm.dll+0x796077]  (no source info available)
V  [jvm.dll+0x3f4698]  (no source info available)
V  [jvm.dll+0x3fc5b6]  (no source info available)
V  [jvm.dll+0x3e8c8e]  (no source info available)
V  [jvm.dll+0x3e8f48]  (no source info available)
V  [jvm.dll+0x3c0045]  (no source info available)
V  [jvm.dll+0x3c0cce]  (no source info available)
V  [jvm.dll+0x92c647]  (no source info available)
V  [jvm.dll+0x458b62]  (no source info available)
V  [jvm.dll+0x90fff2]  (no source info available)
V  [jvm.dll+0x4f9001]  (no source info available)
V  [jvm.dll+0x4fa891]  (no source info available)
C  [jli.dll+0x543e]  (no source info available)
C  [ucrtbase.dll+0x37b0]  (no source info available)
C  [KERNEL32.DLL+0x2e8d7]  (no source info available)
C  [ntdll.dll+0x8c53c]  (no source info available)

Lock stack of current Java thread (top to bottom):


---------------  P R O C E S S  ---------------

Threads class SMR info:
_java_thread_list=0x00007ffc26b05308, length=0, elements={
}

Java Threads: ( => current thread )
Total: 0

Other Threads:
  0x0000025591081b60 WorkerThread "GC Thread#0"                     [id=34992, stack(0x0000008d13200000,0x0000008d13300000) (1024K)]
  0x000002559109b4c0 ConcurrentGCThread "G1 Main Marker"            [id=2640, stack(0x0000008d13300000,0x0000008d13400000) (1024K)]
  0x000002559109c060 WorkerThread "G1 Conc#0"                       [id=37384, stack(0x0000008d13400000,0x0000008d13500000) (1024K)]

[error occurred during error reporting (printing all threads), id 0xc0000005, EXCEPTION_ACCESS_VIOLATION (0xc0000005) at pc=0x00007ffc261e4c2a]
VM state: not at safepoint (not fully initialized)

VM Mutex/Monitor currently owned by a thread:  ([mutex/lock_event])
[0x00007ffc26b89628] Heap_lock - owner thread: 0x0000025591018a70

Heap address: 0x0000000704400000, size: 4028 MB, Compressed Oops mode: Zero based, Oop shift amount: 3

CDS archive(s) mapped at: [0x0000000000000000-0x0000000000000000-0x0000000000000000), size 0, SharedBaseAddress: 0x0000000800000000, ArchiveRelocationMode: 1.
UseCompressedClassPointers 1, UseCompactObjectHeaders 0
Narrow klass pointer bits 32, Max shift 3
Narrow klass base: 0xffffffffffffffff, Narrow klass shift: -1
Encoding Range: [0xffffffffffffffff - 0x000000007fffffff), (2147483648 bytes)
Klass Range:    [0x0000000000000000 - 0x0000000000000000), (0 bytes)
Klass ID Range:  [4294967295 - 0) (1)
No protection zone.

GC Precious Log:
 CardTable entry size: 512
 Card Set container configuration: InlinePtr #cards 4 size 8 Array Of Cards #cards 16 size 48 Howl #buckets 8 coarsen threshold 3686 Howl Bitmap #cards 512 size 80 coarsen threshold 460 Card regions per heap region 1 cards per card region 4096

Heap:
 garbage-first heap   total reserved 4124672K, committed 0K, used 0K [0x0000000704400000, 0x0000000800000000)
  region size 2048K, 0 young (0K), 0 survivors (0K)

Heap Regions: E=young(eden), S=young(survivor), O=old, HS=humongous(starts), HC=humongous(continues), CS=collection set, F=free, TAMS=top-at-mark-start, PB=parsable bottom

Card table byte_map: [0x00000255a96d0000,0x00000255a9eb0000] _byte_map_base: 0x00000255a5eae000

Marking Bits: (CMBitMap*) 0x00000255910822f0
 Bits: [0x00000255a9eb0000, 0x00000255adda0000)

GC Heap Usage History (0 events):
No events

Metaspace Usage History (0 events):
No events

Dll operation events (2 events):
Event: 0.015 Loaded shared library C:\Users\jluci\.jdks\openjdk-25\bin\java.dll
Event: 0.016 Loaded shared library C:\Users\jluci\.jdks\openjdk-25\bin\zip.dll

Deoptimization events (0 events):
No events

Classes loaded (0 events):
No events

Classes unloaded (0 events):
No events

Classes redefined (0 events):
No events

Internal exceptions (0 events):
No events

VM Operations (0 events):
No events

Memory protections (0 events):
No events

Nmethod flushes (0 events):
No events

Events (0 events):
No events


Dynamic libraries:
0x00007ff678ce0000 - 0x00007ff678cee000 	C:\Users\jluci\.jdks\openjdk-25\bin\java.exe
0x00007ffcd9600000 - 0x00007ffcd9867000 	C:\WINDOWS\SYSTEM32\ntdll.dll
0x00007ffcd8240000 - 0x00007ffcd8309000 	C:\WINDOWS\System32\KERNEL32.DLL
0x00007ffcd6a40000 - 0x00007ffcd6e2f000 	C:\WINDOWS\System32\KERNELBASE.dll
0x00007ffcd6fa0000 - 0x00007ffcd70eb000 	C:\WINDOWS\System32\ucrtbase.dll
0x00007ffcb7a50000 - 0x00007ffcb7a67000 	C:\Users\jluci\.jdks\openjdk-25\bin\jli.dll
0x00007ffcb7b50000 - 0x00007ffcb7b6e000 	C:\Users\jluci\.jdks\openjdk-25\bin\VCRUNTIME140.dll
0x00007ffcd8480000 - 0x00007ffcd8645000 	C:\WINDOWS\System32\USER32.dll
0x00007ffcb7320000 - 0x00007ffcb75b3000 	C:\WINDOWS\WinSxS\amd64_microsoft.windows.common-controls_6595b64144ccf1df_6.0.26100.7309_none_3e05feeae336a044\COMCTL32.dll
0x00007ffcd72e0000 - 0x00007ffcd7307000 	C:\WINDOWS\System32\win32u.dll
0x00007ffcd8830000 - 0x00007ffcd88d9000 	C:\WINDOWS\System32\msvcrt.dll
0x00007ffcd8c70000 - 0x00007ffcd8c9b000 	C:\WINDOWS\System32\GDI32.dll
0x00007ffcd71b0000 - 0x00007ffcd72dc000 	C:\WINDOWS\System32\gdi32full.dll
0x00007ffcd6e40000 - 0x00007ffcd6ee3000 	C:\WINDOWS\System32\msvcp_win.dll
0x00007ffcd7540000 - 0x00007ffcd7571000 	C:\WINDOWS\System32\IMM32.DLL
0x00007ffcb8f70000 - 0x00007ffcb8f7c000 	C:\Users\jluci\.jdks\openjdk-25\bin\vcruntime140_1.dll
0x00007ffcb21d0000 - 0x00007ffcb225d000 	C:\Users\jluci\.jdks\openjdk-25\bin\msvcp140.dll
0x00007ffc25e10000 - 0x00007ffc26c6f000 	C:\Users\jluci\.jdks\openjdk-25\bin\server\jvm.dll
0x00007ffcd8770000 - 0x00007ffcd8824000 	C:\WINDOWS\System32\ADVAPI32.dll
0x00007ffcd7580000 - 0x00007ffcd7626000 	C:\WINDOWS\System32\sechost.dll
0x00007ffcd8d10000 - 0x00007ffcd8e28000 	C:\WINDOWS\System32\RPCRT4.dll
0x00007ffcd81c0000 - 0x00007ffcd8234000 	C:\WINDOWS\System32\WS2_32.dll
0x00007ffccb300000 - 0x00007ffccb335000 	C:\WINDOWS\SYSTEM32\WINMM.dll
0x00007ffcd65b0000 - 0x00007ffcd660e000 	C:\WINDOWS\SYSTEM32\POWRPROF.dll
0x00007ffcd4030000 - 0x00007ffcd403b000 	C:\WINDOWS\SYSTEM32\VERSION.dll
0x00007ffcd6590000 - 0x00007ffcd65a4000 	C:\WINDOWS\SYSTEM32\UMPDC.dll
0x00007ffcd54c0000 - 0x00007ffcd54db000 	C:\WINDOWS\SYSTEM32\kernel.appcore.dll
0x00007ffcb8ed0000 - 0x00007ffcb8eda000 	C:\Users\jluci\.jdks\openjdk-25\bin\jimage.dll
0x00007ffcd3080000 - 0x00007ffcd32c2000 	C:\WINDOWS\SYSTEM32\DBGHELP.DLL
0x00007ffcd88e0000 - 0x00007ffcd8c65000 	C:\WINDOWS\System32\combase.dll
0x00007ffcd7980000 - 0x00007ffcd7a56000 	C:\WINDOWS\System32\OLEAUT32.dll
0x00007ffcb3010000 - 0x00007ffcb304c000 	C:\WINDOWS\SYSTEM32\dbgcore.DLL
0x00007ffcd6ef0000 - 0x00007ffcd6f95000 	C:\WINDOWS\System32\bcryptPrimitives.dll
0x00007ffcce760000 - 0x00007ffcce770000 	C:\Users\jluci\.jdks\openjdk-25\bin\instrument.dll
0x00007ffcb5fc0000 - 0x00007ffcb5fdf000 	C:\Users\jluci\.jdks\openjdk-25\bin\java.dll
0x00007ffcd77e0000 - 0x00007ffcd7977000 	C:\WINDOWS\System32\ole32.dll
0x00007ffcd7a60000 - 0x00007ffcd81b3000 	C:\WINDOWS\System32\SHELL32.dll
0x00007ffcd68d0000 - 0x00007ffcd6a3a000 	C:\WINDOWS\System32\wintypes.dll
0x00007ffcb5f90000 - 0x00007ffcb5fa7000 	C:\Users\jluci\.jdks\openjdk-25\bin\zip.dll

JVMTI agents:
C:\Users\jluci\AppData\Local\JetBrains\IntelliJIdea2025.2\captureAgent\debugger-agent.jar path:none, loaded, not initialized, instrumentlib options:file:///C:/Users/jluci/AppData/Local/Temp/capture15836104527439598604.props
C:\Users\jluci\AppData\Local\Programs\IntelliJ IDEA 2025.2.4\lib\idea_rt.jar path:none, loaded, not initialized, instrumentlib options:64377

dbghelp: loaded successfully - version: 4.0.5 - missing functions: none
symbol engine: initialized successfully - sym options: 0x614 - pdb path: .;C:\Users\jluci\.jdks\openjdk-25\bin;C:\WINDOWS\SYSTEM32;C:\WINDOWS\WinSxS\amd64_microsoft.windows.common-controls_6595b64144ccf1df_6.0.26100.7309_none_3e05feeae336a044;C:\Users\jluci\.jdks\openjdk-25\bin\server

VM Arguments:
jvm_args: -javaagent:C:\Users\jluci\AppData\Local\JetBrains\IntelliJIdea2025.2\captureAgent\debugger-agent.jar=file:///C:/Users/jluci/AppData/Local/Temp/capture15836104527439598604.props -ea -Didea.test.cyclic.buffer.size=1048576 -javaagent:C:\Users\jluci\AppData\Local\Programs\IntelliJ IDEA 2025.2.4\lib\idea_rt.jar=64377 -Dkotlinx.coroutines.debug.enable.creation.stack.trace=false -Ddebugger.agent.enable.coroutines=true -Dkotlinx.coroutines.debug.enable.flows.stack.trace=true -Dkotlinx.coroutines.debug.enable.mutable.state.flows.stack.trace=true -Dfile.encoding=UTF-8 -Dsun.stdout.encoding=UTF-8 -Dsun.stderr.encoding=UTF-8 
java_command: com.intellij.rt.testng.RemoteTestNGStarter -usedefaultlisteners false -socket64376 @w@C:\Users\jluci\AppData\Local\Temp\idea_working_dirs_testng1.tmp -temp C:\Users\jluci\AppData\Local\Temp\idea_testng1.tmp
java_class_path (initial): C:\Users\jluci\AppData\Local\Programs\IntelliJ IDEA 2025.2.4\lib\idea_rt.jar;C:\Users\jluci\AppData\Local\Programs\IntelliJ IDEA 2025.2.4\plugins\testng\lib\testng-rt.jar;D:\java\AskOmDch\target\test-classes;D:\java\AskOmDch\target\classes;C:\Users\jluci\.m2\repository\org\seleniumhq\selenium\selenium-java\4.38.0\selenium-java-4.38.0.jar;C:\Users\jluci\.m2\repository\org\seleniumhq\selenium\selenium-api\4.38.0\selenium-api-4.38.0.jar;C:\Users\jluci\.m2\repository\org\jspecify\jspecify\1.0.0\jspecify-1.0.0.jar;C:\Users\jluci\.m2\repository\org\seleniumhq\selenium\selenium-chrome-driver\4.38.0\selenium-chrome-driver-4.38.0.jar;C:\Users\jluci\.m2\repository\org\seleniumhq\selenium\selenium-chromium-driver\4.38.0\selenium-chromium-driver-4.38.0.jar;C:\Users\jluci\.m2\repository\org\seleniumhq\selenium\selenium-manager\4.38.0\selenium-manager-4.38.0.jar;C:\Users\jluci\.m2\repository\org\seleniumhq\selenium\selenium-devtools-v140\4.38.0\selenium-devtools-v140-4.38.0.jar;C:\Users\jluci\.m2\repository\org\seleniumhq\selenium\selenium-devtools-v141\4.38.0\selenium-devtools-v141-4.38.0.jar;C:\Users\jluci\.m2\repository\org\seleniumhq\selenium\selenium-devtools-v142\4.38.0\selenium-devtools-v142-4.38.0.jar;C:\Users\jluci\.m2\repository\org\seleniumhq\selenium\selenium-edge-driver\4.38.0\selenium-edge-driver-4.38.0.jar;C:\Users\jluci\.m2\repository\org\seleniumhq\selenium\selenium-firefox-driver\4.38.0\selenium-firefox-driver-4.38.0.jar;C:\Users\jluci\.m2\repository\org\seleniumhq\selenium\selenium-http\4.38.0\selenium-http-4.38.0.jar;C:\Users\jluci\.m2\repository\org\seleniumhq\selenium\selenium-ie-driver\4.38.0\selenium-ie-driver-4.38.0.jar;C:\Users\jluci\.m2\repository\org\seleniumhq\selenium\selenium-remote-driver\4.38.0\selenium-remote-driver-4.38.0.jar;C:\Users\jluci\.m2\repository\io\opentelemetry\opentelemetry-api\1.55.0\opentelemetry-api-1.55.0.jar;C:\Users\jluci\.m2\repository\io\opentelemetry\opentelemetry-context\1.55.0\opentelemetry-context-1.55.0.jar;C:\Users\jluci\.m2\repository\io\opentelemetry\opentelemetry-common\1.55.0\opentelemetry-common-1.55.0.jar;C:\Users\jluci\.m2\repository\io\opentelemetry\opentelemetry-exporter-logging\1.55.0\opentelemetry-exporter-logging-1.55.0.jar;C:\Users\jluci\.m2\repository\io\opentelemetry\opentelemetry-sdk-common\1.55.0\opentelemetry-sdk-common-1.55.0.jar;C:\Users\jluci\.m2\repository\io\opentelemetry\opentelemetry-sdk-extension-autoconfigure-spi\1.55.0\opentelemetry-sdk-extension-autoconfigure-spi-1.55.0.jar;C:\Users\jluci\.m2\repository\io\opentelemetry\opentelemetry-sdk-extension-autoconfigure\1.55.0\opentelemetry-sdk-extension-autoconfigure-1.55.0.jar;C:\Users\jluci\.m2\repository\io\opentelemetry\opentelemetry-sdk-trace\1.55.0\opentelemetry-sdk-trace-1.55.0.jar;C:\Users\jluci\.m2\repository\io\opentelemetry\opentelemetry-sdk\1.55.0\opentelemetry-sdk-1.55.0.jar;C:\Users\jluci\.m2\repository\io\opentelemetry\opentelemetry-sdk-metrics\1.55.0\opentelemetry-sdk-metrics-1.55.0.jar;C:\Users\jluci\.m2\repository\io\opentelemetry\opentelemetry-sdk-logs\1.55.0\opentelemetry-sdk-logs-1.55.0.jar;C:\Users\jluci\.m2\repository\org\seleniumhq\selenium\selenium-os\4.38.0\selenium-os-4.38.0.jar;C:\Users\jluci\.m2\repository\org\apache\commons\commons-exec\1.5.0\commons-exec-1.5.0.jar;C:\Users\jluci\.m2\repository\org\seleniumhq\selenium\selenium-safari-driver\4.38.0\selenium-safari-driver-4.38.0.jar;C:\Users\jluci\.m2\repository\org\testng\testng\7.8.0\testng-7.8.0.jar;C:\Users\jluci\.m2\repository\org\slf4j\slf4j-api\1.7.36\slf4j-api-1.7.36.jar;C:\Users\jluci\.m2\repository\com\beust\jcommander\1.82\jcommander-1.82.jar;C:\Users\jluci\.m2\repository\org\webjars\jquery\3.6.1\jquery-3.6.1.jar;C:\Users\jluci\.m2\repository\org\seleniumhq\selenium\selenium-support\4.34.0\selenium-support-4.34.0.jar;C:\Users\jluci\.m2\repository\com\google\auto\service\auto-service-annotations\1.1.1\auto-service-annotations-1.1.1.jar;C:\Users\jluci\.m2\repository\com\google\guava\guava\33.4.8-jre\guava-33.4.8-jre.jar;C:\Users\jluci\.m2\repository\com\google\guava\failureaccess\1.0.3\failureaccess-1.0.3.jar;C:\Users\jluci\.m2\repository\com\google\guava\listenablefuture\9999.0-empty-to-avoid-conflict-with-guava\listenablefuture-9999.0-empty-to-avoid-conflict-with-guava.jar;C:\Users\jluci\.m2\repository\com\google\errorprone\error_prone_annotations\2.36.0\error_prone_annotations-2.36.0.jar;C:\Users\jluci\.m2\repository\com\google\j2objc\j2objc-annotations\3.0.0\j2objc-annotations-3.0.0.jar;C:\Users\jluci\.m2\repository\net\bytebuddy\byte-buddy\1.17.6\byte-buddy-1.17.6.jar;C:\Users\jluci\.m2\repository\org\seleniumhq\selenium\selenium-json\4.34.0\selenium-json-4.34.0.jar
Launcher Type: SUN_STANDARD

[Global flags]
     intx CICompilerCount                          = 4                                         {product} {ergonomic}
     uint ConcGCThreads                            = 3                                         {product} {ergonomic}
     uint G1ConcRefinementThreads                  = 10                                        {product} {ergonomic}
   size_t G1HeapRegionSize                         = 2097152                                   {product} {ergonomic}
   size_t InitialHeapSize                          = 264241152                                 {product} {ergonomic}
   size_t MarkStackSize                            = 4194304                                   {product} {ergonomic}
   size_t MarkStackSizeMax                         = 536870912                                 {product} {ergonomic}
   size_t MaxHeapSize                              = 4223664128                                {product} {ergonomic}
   size_t MinHeapDeltaBytes                        = 2097152                                   {product} {ergonomic}
   size_t MinHeapSize                              = 8388608                                   {product} {ergonomic}
    uintx NonNMethodCodeHeapSize                   = 5832704                                {pd product} {ergonomic}
    uintx NonProfiledCodeHeapSize                  = 122945536                              {pd product} {ergonomic}
    uintx ProfiledCodeHeapSize                     = 122880000                              {pd product} {ergonomic}
    uintx ReservedCodeCacheSize                    = 251658240                              {pd product} {ergonomic}
     bool SegmentedCodeCache                       = true                                      {product} {ergonomic}
   size_t SoftMaxHeapSize                          = 4223664128                             {manageable} {ergonomic}
     bool UseCompressedOops                        = true                           {product lp64_product} {ergonomic}
     bool UseG1GC                                  = true                                      {product} {ergonomic}
     bool UseLargePagesIndividualAllocation        = false                                  {pd product} {ergonomic}

Logging:
Log output configuration:
 #0: stdout all=warning uptime,level,tags foldmultilines=false
 #1: stderr all=off uptime,level,tags foldmultilines=false

Release file:
<release file has not been read>
Environment Variables:
PATH=C:\Program Files\Common Files\Oracle\Java\javapath;C:\Python314\Scripts\;C:\Python314\;C:\WINDOWS\system32;C:\WINDOWS;C:\WINDOWS\System32\Wbem;C:\WINDOWS\System32\WindowsPowerShell\v1.0\;C:\WINDOWS\System32\OpenSSH\;C:\Program Files\nodejs\;C:\ProgramData\chocolatey\bin;C:\Program Files\Git\cmd;C:\Users\jluci\AppData\Local\Programs\Python\Python315\Scripts\;C:\Users\jluci\AppData\Local\Programs\Python\Python315\;C:\Users\jluci\AppData\Local\Microsoft\WindowsApps;C:\Users\jluci\AppData\Roaming\npm;C:\Users\jluci\AppData\Local\Programs\IntelliJ IDEA 2025.2.4\bin;C:\Users\jluci\AppData\Local\Programs\Microsoft VS Code Insiders\bin;C:\Users\jluci\AppData\Local\Programs\Microsoft VS Code\bin
USERNAME=jluci
OS=Windows_NT
PROCESSOR_IDENTIFIER=Intel64 Family 6 Model 154 Stepping 4, GenuineIntel
TMP=C:\Users\jluci\AppData\Local\Temp
TEMP=C:\Users\jluci\AppData\Local\Temp




Compilation memory statistics disabled.

Periodic native trim disabled

---------------  S Y S T E M  ---------------

OS:
 Windows 11 , 64 bit Build 26100 (10.0.26100.7309)
OS uptime: 1 days 0:02 hours
Hyper-V role detected

CPU: total 12 (initial active 12) (6 cores per cpu, 2 threads per core) family 6 model 154 stepping 4 microcode 0x424, cx8, cmov, fxsr, ht, mmx, 3dnowpref, sse, sse2, sse3, ssse3, sse4.1, sse4.2, popcnt, lzcnt, tsc, tscinvbit, avx, avx2, aes, erms, clmul, bmi1, bmi2, adx, sha, fma, vzeroupper, clflush, clflushopt, clwb, hv, serialize, rdtscp, rdpid, fsrm, gfni, f16c, cet_ibt, cet_ss
Processor Information for processor 0
  Max Mhz: 1700, Current Mhz: 1700, Mhz Limit: 1700
Processor Information for processor 1
  Max Mhz: 1700, Current Mhz: 1700, Mhz Limit: 1700
Processor Information for processor 2
  Max Mhz: 1700, Current Mhz: 1700, Mhz Limit: 1700
Processor Information for processor 3
  Max Mhz: 1700, Current Mhz: 1700, Mhz Limit: 1700
Processor Information for processor 4
  Max Mhz: 1200, Current Mhz: 1200, Mhz Limit: 1200
Processor Information for processor 5
  Max Mhz: 1200, Current Mhz: 1200, Mhz Limit: 1200
Processor Information for processor 6
  Max Mhz: 1200, Current Mhz: 1200, Mhz Limit: 1200
Processor Information for processor 7
  Max Mhz: 1200, Current Mhz: 1200, Mhz Limit: 1200
Processor Information for processor 8
  Max Mhz: 1200, Current Mhz: 1200, Mhz Limit: 1200
Processor Information for processor 9
  Max Mhz: 1200, Current Mhz: 1200, Mhz Limit: 1200
Processor Information for processor 10
  Max Mhz: 1200, Current Mhz: 1200, Mhz Limit: 1200
Processor Information for processor 11
  Max Mhz: 1200, Current Mhz: 1200, Mhz Limit: 1200

Memory: 4k page, system-wide physical 16108M (904M free)
TotalPageFile size 51440M (AvailPageFile size 89M)
current process WorkingSet (physical memory assigned to process): 14M, peak: 14M
current process commit charge ("private bytes"): 65M, peak: 317M

vm_info: OpenJDK 64-Bit Server VM (25+36-3489) for windows-amd64 JRE (25+36-3489), built on 2025-08-12T17:19:28Z with unknown MS VC++:1943

END.
